This is pdfTeXk, Version 3.141592-1.40.3 (Web2C 7.5.6) (format=latex 2013.11.20)  25 FEB 2016 14:50
entering extended mode
 %&-line parsing enabled.
**Project1HK.tex
(./Project1HK.tex
LaTeX2e <2005/12/01>
Babel <v3.8h> and hyphenation patterns for english, usenglishmax, dumylang, noh
yphenation, arabic, basque, bulgarian, coptic, welsh, czech, slovak, german, ng
erman, danish, esperanto, spanish, catalan, galician, estonian, farsi, finnish,
 french, greek, monogreek, ancientgreek, croatian, hungarian, interlingua, ibyc
us, indonesian, icelandic, italian, latin, mongolian, dutch, norsk, polish, por
tuguese, pinyin, romanian, russian, slovenian, uppersorbian, serbian, swedish, 
turkish, ukenglish, ukrainian, loaded.
(/usr/share/texmf/tex/latex/base/article.cls
Document Class: article 2005/09/16 v1.4f Standard LaTeX document class
(/usr/share/texmf/tex/latex/base/size12.clo
File: size12.clo 2005/09/16 v1.4f Standard LaTeX file (size option)
)
\c@part=\count79
\c@section=\count80
\c@subsection=\count81
\c@subsubsection=\count82
\c@paragraph=\count83
\c@subparagraph=\count84
\c@figure=\count85
\c@table=\count86
\abovecaptionskip=\skip41
\belowcaptionskip=\skip42
\bibindent=\dimen102
)
(/usr/share/texmf/tex/latex/base/latexsym.sty
Package: latexsym 1998/08/17 v2.2e Standard LaTeX package (lasy symbols)
\symlasy=\mathgroup4
LaTeX Font Info:    Overwriting symbol font `lasy' in version `bold'
(Font)                  U/lasy/m/n --> U/lasy/b/n on input line 47.
)
(/usr/share/texmf/tex/latex/graphics/graphicx.sty
Package: graphicx 1999/02/16 v1.0f Enhanced LaTeX Graphics (DPC,SPQR)

(/usr/share/texmf/tex/latex/graphics/keyval.sty
Package: keyval 1999/03/16 v1.13 key=value parser (DPC)
\KV@toks@=\toks14
)
(/usr/share/texmf/tex/latex/graphics/graphics.sty
Package: graphics 2006/02/20 v1.0o Standard LaTeX Graphics (DPC,SPQR)

(/usr/share/texmf/tex/latex/graphics/trig.sty
Package: trig 1999/03/16 v1.09 sin cos tan (DPC)
)
(/usr/share/texmf/tex/latex/config/graphics.cfg
File: graphics.cfg 2007/01/18 v1.5 graphics configuration of teTeX/TeXLive
)
Package graphics Info: Driver file: dvips.def on input line 90.

(/usr/share/texmf/tex/latex/graphics/dvips.def
File: dvips.def 1999/02/16 v3.0i Driver-dependant file (DPC,SPQR)
))
\Gin@req@height=\dimen103
\Gin@req@width=\dimen104
)
(/usr/share/texmf/tex/latex/graphics/epsfig.sty
Package: epsfig 1999/02/16 v1.7a (e)psfig emulation (SPQR)
\epsfxsize=\dimen105
\epsfysize=\dimen106
)
(/usr/share/texmf/tex/latex/float/float.sty
Package: float 2001/11/08 v1.3d Float enhancements (AL)
\c@float@type=\count87
\float@exts=\toks15
\float@box=\box26
\@float@everytoks=\toks16
\@floatcapt=\box27
)
(/usr/share/texmf/tex/latex/natbib/natbib.sty
Package: natbib 2007/02/05 8.0 (PWD)
\bibhang=\skip43
\bibsep=\skip44
LaTeX Info: Redefining \cite on input line 602.
\c@NAT@ctr=\count88
) (./Project1HK.aux)
\openout1 = `Project1HK.aux'.

LaTeX Font Info:    Checking defaults for OML/cmm/m/it on input line 11.
LaTeX Font Info:    ... okay on input line 11.
LaTeX Font Info:    Checking defaults for T1/cmr/m/n on input line 11.
LaTeX Font Info:    ... okay on input line 11.
LaTeX Font Info:    Checking defaults for OT1/cmr/m/n on input line 11.
LaTeX Font Info:    ... okay on input line 11.
LaTeX Font Info:    Checking defaults for OMS/cmsy/m/n on input line 11.
LaTeX Font Info:    ... okay on input line 11.
LaTeX Font Info:    Checking defaults for OMX/cmex/m/n on input line 11.
LaTeX Font Info:    ... okay on input line 11.
LaTeX Font Info:    Checking defaults for U/cmr/m/n on input line 11.
LaTeX Font Info:    ... okay on input line 11.
LaTeX Font Info:    External font `cmex10' loaded for size
(Font)              <14.4> on input line 12.
LaTeX Font Info:    External font `cmex10' loaded for size
(Font)              <7> on input line 12.
LaTeX Font Info:    Try loading font information for U+lasy on input line 12.

(/usr/share/texmf/tex/latex/base/ulasy.fd
File: ulasy.fd 1998/08/17 v2.2e LaTeX symbol font definitions
) [1

]
LaTeX Font Info:    External font `cmex10' loaded for size
(Font)              <12> on input line 22.
LaTeX Font Info:    External font `cmex10' loaded for size
(Font)              <8> on input line 22.
LaTeX Font Info:    External font `cmex10' loaded for size
(Font)              <6> on input line 22.
File: ./Task1/Bin1.eps Graphic file (type eps)
 <./Task1/Bin1.eps> [2]
File: ./Task1/Bin2.eps Graphic file (type eps)

<./Task1/Bin2.eps>
File: ./Task1/Bin3.eps Graphic file (type eps)
 <./Task1/Bin3.eps> [3]
File: ./Task1/Bin4.eps Graphic file (type eps)
 <./Task1/Bin4.eps>
File: ./Task1/Graph1.eps Graphic file (type eps)

<./Task1/Graph1.eps> [4]
File: ./Task1/Graph2.eps Graphic file (type eps)
 <./Task1/Graph2.eps>
File: ./Task1/Graph3.eps Graphic file (type eps)
 <./Task1/Graph3.eps> [5] [6]
File: ./Task2/Bin1.eps Graphic file (type eps)

<./Task2/Bin1.eps>
File: ./Task2/Bin2.eps Graphic file (type eps)
 <./Task2/Bin2.eps> [7]
File: ./Task2/Bin3.eps Graphic file (type eps)
 <./Task2/Bin3.eps>
File: ./Task2/Bin4.eps Graphic file (type eps)

<./Task2/Bin4.eps> [8]
File: ./Task2/Graph1.eps Graphic file (type eps)
 <./Task2/Graph1.eps>
File: ./Task2/Graph2.eps Graphic file (type eps)
 <./Task2/Graph2.eps> [9]
File: ./Task2/Graph3.eps Graphic file (type eps)

<./Task2/Graph3.eps> [10]
File: ./Task3/Bin1.eps Graphic file (type eps)
 <./Task3/Bin1.eps>
File: ./Task3/Bin2.eps Graphic file (type eps)
 <./Task3/Bin2.eps> [11]
File: ./Task3/Bin3.eps Graphic file (type eps)

<./Task3/Bin3.eps>
File: ./Task3/Bin4.eps Graphic file (type eps)
 <./Task3/Bin4.eps> [12]
File: ./Task3/Graph1.eps Graphic file (type eps)
 <./Task3/Graph1.eps>
File: ./Task3/Graph2.eps Graphic file (type eps)

<./Task3/Graph2.eps> [13]
File: ./Task3/Graph3.eps Graphic file (type eps)
 <./Task3/Graph3.eps> [14]
File: ./Task4/Bin1.eps Graphic file (type eps)
 <./Task4/Bin1.eps>
File: ./Task4/Bin2.eps Graphic file (type eps)

<./Task4/Bin2.eps> [15]
File: ./Task4/Bin3.eps Graphic file (type eps)
 <./Task4/Bin3.eps>
File: ./Task4/Bin4.eps Graphic file (type eps)
 <./Task4/Bin4.eps> [16]
File: ./Task4/Graph1.eps Graphic file (type eps)

<./Task4/Graph1.eps>
File: ./Task4/Graph2.eps Graphic file (type eps)
 <./Task4/Graph2.eps> [17]
File: ./Task4/Graph3.eps Graphic file (type eps)
 <./Task4/Graph3.eps> [18]
[19] [20] (./Project1HK.aux) ) 
Here is how much of TeX's memory you used:
 993 strings out of 256217
 11989 string characters out of 1917094
 61268 words of memory out of 1500000
 4301 multiletter control sequences out of 10000+200000
 10052 words of font info for 39 fonts, out of 1200000 for 2000
 645 hyphenation exceptions out of 8191
 25i,7n,20p,846b,248s stack positions out of 5000i,500n,6000p,200000b,15000s

Output written on Project1HK.dvi (20 pages, 20848 bytes).
