This is pdfTeXk, Version 3.141592-1.40.3 (Web2C 7.5.6) (format=latex 2016.8.9)  15 JUL 2017 15:23
entering extended mode
 %&-line parsing enabled.
**MScProjectDoubleBarsv2.tex
(./MScProjectDoubleBarsv2.tex
LaTeX2e <2005/12/01>
Babel <v3.8h> and hyphenation patterns for english, usenglishmax, dumylang, noh
yphenation, arabic, basque, bulgarian, coptic, welsh, czech, slovak, german, ng
erman, danish, esperanto, spanish, catalan, galician, estonian, farsi, finnish,
 french, greek, monogreek, ancientgreek, croatian, hungarian, interlingua, ibyc
us, indonesian, icelandic, italian, latin, mongolian, dutch, norsk, polish, por
tuguese, pinyin, romanian, russian, slovenian, uppersorbian, serbian, swedish, 
turkish, ukenglish, ukrainian, loaded.
(/usr/share/texmf/tex/latex/base/article.cls
Document Class: article 2005/09/16 v1.4f Standard LaTeX document class
(/usr/share/texmf/tex/latex/base/size12.clo
File: size12.clo 2005/09/16 v1.4f Standard LaTeX file (size option)
)
\c@part=\count79
\c@section=\count80
\c@subsection=\count81
\c@subsubsection=\count82
\c@paragraph=\count83
\c@subparagraph=\count84
\c@figure=\count85
\c@table=\count86
\abovecaptionskip=\skip41
\belowcaptionskip=\skip42
\bibindent=\dimen102
)
(/usr/share/texmf/tex/latex/base/latexsym.sty
Package: latexsym 1998/08/17 v2.2e Standard LaTeX package (lasy symbols)
\symlasy=\mathgroup4
LaTeX Font Info:    Overwriting symbol font `lasy' in version `bold'
(Font)                  U/lasy/m/n --> U/lasy/b/n on input line 47.
)
(/usr/share/texmf/tex/latex/graphics/graphicx.sty
Package: graphicx 1999/02/16 v1.0f Enhanced LaTeX Graphics (DPC,SPQR)

(/usr/share/texmf/tex/latex/graphics/keyval.sty
Package: keyval 1999/03/16 v1.13 key=value parser (DPC)
\KV@toks@=\toks14
)
(/usr/share/texmf/tex/latex/graphics/graphics.sty
Package: graphics 2006/02/20 v1.0o Standard LaTeX Graphics (DPC,SPQR)

(/usr/share/texmf/tex/latex/graphics/trig.sty
Package: trig 1999/03/16 v1.09 sin cos tan (DPC)
)
(/usr/share/texmf/tex/latex/config/graphics.cfg
File: graphics.cfg 2007/01/18 v1.5 graphics configuration of teTeX/TeXLive
)
Package graphics Info: Driver file: dvips.def on input line 90.

(/usr/share/texmf/tex/latex/graphics/dvips.def
File: dvips.def 1999/02/16 v3.0i Driver-dependant file (DPC,SPQR)
))
\Gin@req@height=\dimen103
\Gin@req@width=\dimen104
)
(/usr/share/texmf/tex/latex/graphics/epsfig.sty
Package: epsfig 1999/02/16 v1.7a (e)psfig emulation (SPQR)
\epsfxsize=\dimen105
\epsfysize=\dimen106
)
(/usr/share/texmf/tex/latex/float/float.sty
Package: float 2001/11/08 v1.3d Float enhancements (AL)
\c@float@type=\count87
\float@exts=\toks15
\float@box=\box26
\@float@everytoks=\toks16
\@floatcapt=\box27
)
(/usr/share/texmf/tex/latex/natbib/natbib.sty
Package: natbib 2007/02/05 8.0 (PWD)
\bibhang=\skip43
\bibsep=\skip44
LaTeX Info: Redefining \cite on input line 602.
\c@NAT@ctr=\count88
)
(/usr/share/texmf/tex/latex/listings/listings.sty
\lst@mode=\count89
\lst@gtempboxa=\box28
\lst@token=\toks17
\lst@length=\count90
\lst@currlwidth=\dimen107
\lst@column=\count91
\lst@pos=\count92
\lst@lostspace=\dimen108
\lst@width=\dimen109
\lst@newlines=\count93
\lst@lineno=\count94
\c@lstlisting=\count95
\lst@maxwidth=\dimen110

(/usr/share/texmf/tex/latex/listings/lstpatch.sty
File: lstpatch.sty 2004/10/17 1.3b (Carsten Heinz)
)
(/usr/share/texmf/tex/latex/listings/lstmisc.sty
File: lstmisc.sty 2004/09/07 1.3 (Carsten Heinz)
\c@lstnumber=\count96
\lst@skipnumbers=\count97
\lst@framebox=\box29
)
(/usr/share/texmf/tex/latex/listings/listings.cfg
File: listings.cfg 2004/09/05 1.3 listings configuration
))
Package: listings 2004/10/17 1.3b (Carsten Heinz)

(/usr/share/texmf/tex/latex/caption/caption.sty
Package: caption 2007/01/07 v3.0k Customising captions (AR)

(/usr/share/texmf/tex/latex/caption/caption3.sty
Package: caption3 2007/01/07 v3.0k caption3 kernel (AR)
\captionmargin=\dimen111
\captionmarginx=\dimen112
\captionwidth=\dimen113
\captionindent=\dimen114
\captionparindent=\dimen115
\captionhangindent=\dimen116
)
Package caption Info: float package v1.3 (or newer) detected on input line 275.

Package caption Info: listings package v1.2 (or newer) detected on input line 3
38.
)
(./MScProjectDoubleBarsv2.aux

Package natbib Warning: Citation `macie1' multiply defined.

)
\openout1 = `MScProjectDoubleBarsv2.aux'.

LaTeX Font Info:    Checking defaults for OML/cmm/m/it on input line 14.
LaTeX Font Info:    ... okay on input line 14.
LaTeX Font Info:    Checking defaults for T1/cmr/m/n on input line 14.
LaTeX Font Info:    ... okay on input line 14.
LaTeX Font Info:    Checking defaults for OT1/cmr/m/n on input line 14.
LaTeX Font Info:    ... okay on input line 14.
LaTeX Font Info:    Checking defaults for OMS/cmsy/m/n on input line 14.
LaTeX Font Info:    ... okay on input line 14.
LaTeX Font Info:    Checking defaults for OMX/cmex/m/n on input line 14.
LaTeX Font Info:    ... okay on input line 14.
LaTeX Font Info:    Checking defaults for U/cmr/m/n on input line 14.
LaTeX Font Info:    ... okay on input line 14.
 (/usr/share/texmf/tex/latex/ragged2e/ragged2e.sty
Package: ragged2e 2003/03/25 v2.04 ragged2e Package (MS)

(/usr/share/texmf/tex/latex/everysel/everysel.sty
Package: everysel 1999/06/08 v1.03 EverySelectfont Package (MS)
LaTeX Info: Redefining \selectfont on input line 125.
)
\CenteringLeftskip=\skip45
\RaggedLeftLeftskip=\skip46
\RaggedRightLeftskip=\skip47
\CenteringRightskip=\skip48
\RaggedLeftRightskip=\skip49
\RaggedRightRightskip=\skip50
\CenteringParfillskip=\skip51
\RaggedLeftParfillskip=\skip52
\RaggedRightParfillskip=\skip53
\JustifyingParfillskip=\skip54
\CenteringParindent=\skip55
\RaggedLeftParindent=\skip56
\RaggedRightParindent=\skip57
\JustifyingParindent=\skip58
)
LaTeX Font Info:    External font `cmex10' loaded for size
(Font)              <14.4> on input line 15.
LaTeX Font Info:    External font `cmex10' loaded for size
(Font)              <7> on input line 15.
LaTeX Font Info:    Try loading font information for U+lasy on input line 15.

(/usr/share/texmf/tex/latex/base/ulasy.fd
File: ulasy.fd 1998/08/17 v2.2e LaTeX symbol font definitions
)
LaTeX Font Info:    External font `cmex10' loaded for size
(Font)              <12> on input line 29.
LaTeX Font Info:    External font `cmex10' loaded for size
(Font)              <8> on input line 29.
LaTeX Font Info:    External font `cmex10' loaded for size
(Font)              <6> on input line 29.
 [1

]
File: ./2016results/outerbinary/Orbit.eps Graphic file (type eps)

<./2016results/outerbinary/Orbit.eps>
File: ./2016results/innerbinary/Orbit.eps Graphic file (type eps)
 <./2016results/innerbinary/Orbit.eps>
[2] [3] [4]
File: ./2016results/stablebase/Orbit.eps Graphic file (type eps)
 <./2016results/stablebase/Orbit.eps>
File: ./2016results/stablebase/Inner.eps Graphic file (type eps)

<./2016results/stablebase/Inner.eps> [5]
File: ./2016results/002-5-001/Orbit.eps Graphic file (type eps)
 <./2016results/002-5-001/Orbit.eps>
File: ./2016results/002-5-001/Inner.eps Graphic file (type eps)

<./2016results/002-5-001/Inner.eps> [6]
File: ./2016results/003-5-001/Orbit.eps Graphic file (type eps)
 <./2016results/003-5-001/Orbit.eps>
File: ./2016results/003-5-001/Inner.eps Graphic file (type eps)

<./2016results/003-5-001/Inner.eps> [7]
File: ./2016results/004-5-004/Orbit.eps Graphic file (type eps)
 <./2016results/004-5-004/Orbit.eps>
File: ./2016results/004-5-004/Inner.eps Graphic file (type eps)

<./2016results/004-5-004/Inner.eps> [8]
File: ./2016results/004-55-004/Orbit.eps Graphic file (type eps)
 <./2016results/004-55-004/Orbit.eps>
File: ./2016results/004-55-004/Inner.eps Graphic file (type eps)

<./2016results/004-55-004/Inner.eps> [9]
File: ./2016results/004-57-004/Orbit.eps Graphic file (type eps)
 <./2016results/004-57-004/Orbit.eps>
File: ./2016results/004-57-004/Inner.eps Graphic file (type eps)

<./2016results/004-57-004/Inner.eps> [10]
File: ./2016results/005-58-005-3/Orbit.eps Graphic file (type eps)

<./2016results/005-58-005-3/Orbit.eps>
File: ./2016results/005-58-005-3/Inner.eps Graphic file (type eps)
 <./2016results/005-58-005-3/Inner.eps>
[11]
File: ./2016results/005-58-005-4/Orbit.eps Graphic file (type eps)
 <./2016results/005-58-005-4/Orbit.eps>
File: ./2016results/005-58-005-4/Inner.eps Graphic file (type eps)

<./2016results/005-58-005-4/Inner.eps> [12]
File: ./2016results/005-58-005-35/Orbit.eps Graphic file (type eps)

<./2016results/005-58-005-35/Orbit.eps>
File: ./2016results/005-58-005-35/Inner.eps Graphic file (type eps)

<./2016results/005-58-005-35/Inner.eps> [13]
File: ./2016results/006-6-006-3/Orbit.eps Graphic file (type eps)

<./2016results/006-6-006-3/Orbit.eps>
File: ./2016results/006-6-006-3/Inner.eps Graphic file (type eps)
 <./2016results/006-6-006-3/Inner.eps>
[14]
File: ./2016results/025-65-02/Orbit.eps Graphic file (type eps)
 <./2016results/025-65-02/Orbit.eps>
File: ./2016results/025-65-02/Inner.eps Graphic file (type eps)
 <./2016results/025-65-02/Inner.eps>
[15]
File: ./2017results/025-7-025-5/Orbit.eps Graphic file (type eps)
 <./2017results/025-7-025-5/Orbit.eps>
File: ./2017results/025-7-025-5/Inner.eps Graphic file (type eps)

<./2017results/025-7-025-5/Inner.eps> [16]
File: ./2017results/03-7-03-5/Orbit.eps Graphic file (type eps)
 <./2017results/03-7-03-5/Orbit.eps>
File: ./2017results/03-7-03-5/Inner.eps Graphic file (type eps)

<./2017results/03-7-03-5/Inner.eps> [17]
File: ./2017results/035-75-04-4/Orbit.eps Graphic file (type eps)
 <./2017results/035-75-04-4/Orbit.eps>
File: ./2017results/035-75-04-4/Inner.eps Graphic file (type eps)

<./2017results/035-75-04-4/Inner.eps> [18]
File: ./2017results/04-75-045-4/Orbit.eps Graphic file (type eps)

<./2017results/04-75-045-4/Orbit.eps>
File: ./2017results/04-75-045-4/Inner.eps Graphic file (type eps)
 <./2017results/04-75-045-4/Inner.eps>
[19]
File: ./2017results/05-75-045-4/Orbit.eps Graphic file (type eps)
 <./2017results/05-75-045-4/Orbit.eps>
File: ./2017results/05-75-045-4/Inner.eps Graphic file (type eps)

<./2017results/05-75-045-4/Inner.eps> [20]
File: ./2017results/05-75-05-35/Orbit.eps Graphic file (type eps)

<./2017results/05-75-05-35/Orbit.eps>
File: ./2017results/05-75-05-35/Inner.eps Graphic file (type eps)
 <./2017results/05-75-05-35/Inner.eps>
[21]
File: ./2017results/05-75-05-3/Orbit.eps Graphic file (type eps)
 <./2017results/05-75-05-3/Orbit.eps>
File: ./2017results/05-75-05-3/Inner.eps Graphic file (type eps)
 <./2017results/05-75-05-3/Inner.eps>
[22]
File: ./2017results/06-8-06-25/Orbit.eps Graphic file (type eps)
 <./2017results/06-8-06-25/Orbit.eps>
File: ./2017results/06-8-06-25/Inner.eps Graphic file (type eps)
 <./2017results/06-8-06-25/Inner.eps>
[23]
File: ./2017results/08-9-08-15/Orbit.eps Graphic file (type eps)
 <./2017results/08-9-08-15/Orbit.eps>
File: ./2017results/08-9-08-15/Inner.eps Graphic file (type eps)
 <./2017results/08-9-08-15/Inner.eps>
[24]
File: ./2017results/09-95-09-1/Orbit.eps Graphic file (type eps)
 <./2017results/09-95-09-1/Orbit.eps>
File: ./2017results/09-95-09-1/Inner.eps Graphic file (type eps)
 <./2017results/09-95-09-1/Inner.eps>
[25]
File: ./2017results/1-1-1-05/Orbit.eps Graphic file (type eps)
 <./2017results/1-1-1-05/Orbit.eps>
File: ./2017results/1-1-1-05/Inner.eps Graphic file (type eps)
 <./2017results/1-1-1-05/Inner.eps>
[26]
File: ./2017results/1-1-1-04/Orbit.eps Graphic file (type eps)
 <./2017results/1-1-1-04/Orbit.eps>
File: ./2017results/1-1-1-04/Inner.eps Graphic file (type eps)
 <./2017results/1-1-1-04/Inner.eps>
[27]
File: ./2017results/1-1-1-03/Orbit.eps Graphic file (type eps)
 <./2017results/1-1-1-03/Orbit.eps>
File: ./2017results/1-1-1-03/Inner.eps Graphic file (type eps)
 <./2017results/1-1-1-03/Inner.eps>
[28]
File: ./2017results/1-1-1-02/Orbit.eps Graphic file (type eps)
 <./2017results/1-1-1-02/Orbit.eps>
File: ./2017results/1-1-1-02/Inner.eps Graphic file (type eps)
 <./2017results/1-1-1-02/Inner.eps>
[29]
File: ./2017results/12-105-11-015/Orbit.eps Graphic file (type eps)
 <./2017results/12-105-11-015/Orbit.eps>
File: ./2017results/12-105-11-015/Inner.eps Graphic file (type eps)

<./2017results/12-105-11-015/Inner.eps> [30]
File: ./2017results/12-11-11-015/Orbit.eps Graphic file (type eps)

<./2017results/12-11-11-015/Orbit.eps>
File: ./2017results/12-11-11-015/Inner.eps Graphic file (type eps)
 <./2017results/12-11-11-015/Inner.eps>
[31]
File: ./2017results/12-11-115-015/Orbit.eps Graphic file (type eps)
 <./2017results/12-11-115-015/Orbit.eps>
File: ./2017results/12-11-115-015/Inner.eps Graphic file (type eps)

<./2017results/12-11-115-015/Inner.eps> [32]
File: ./2017results/12-11-12-015/Orbit.eps Graphic file (type eps)

<./2017results/12-11-12-015/Orbit.eps>
File: ./2017results/12-11-12-015/Inner.eps Graphic file (type eps)
 <./2017results/12-11-12-015/Inner.eps>
[33]
File: ./2017results/1-1-1-1/Orbit.eps Graphic file (type eps)
 <./2017results/1-1-1-1/Orbit.eps>
File: ./2017results/1-1-1-1/Inner.eps Graphic file (type eps)
 <./2017results/1-1-1-1/Inner.eps>
[34]
Missing character: There is no ‚ in font cmr12!
Missing character: There is no Ä in font cmr12!
Missing character: There is no ì in font cmr12!
Missing character: There is no ‚ in font cmr12!
Missing character: There is no Ä in font cmr12!
Missing character: There is no ì in font cmr12!
Missing character: There is no √ in font cmr12!
Missing character: There is no ê in font cmr12!
 [35]
Missing character: There is no ‚ in font cmr12!
Missing character: There is no Ä in font cmr12!
Missing character: There is no ì in font cmr12!
Missing character: There is no ‚ in font cmr12!
Missing character: There is no Ä in font cmr12!
Missing character: There is no ì in font cmr12!

Underfull \hbox (badness 10000) in paragraph at lines 551--552
[]\OT1/cmr/m/n/12 Trenti, M., Hut, P., Grav-i-ta-tional N-body Sim-u-la-tions, 
2008,
 []

[36]

Package natbib Warning: There were multiply defined citations.

[37] (./MScProjectDoubleBarsv2.aux

Package natbib Warning: Citation(s) may have changed.
(natbib)                Rerun to get citations correct.

) ) 
Here is how much of TeX's memory you used:
 2756 strings out of 256215
 41424 string characters out of 1917024
 97691 words of memory out of 1500000
 6011 multiletter control sequences out of 10000+200000
 10673 words of font info for 41 fonts, out of 1200000 for 2000
 645 hyphenation exceptions out of 8191
 35i,8n,38p,267b,847s stack positions out of 5000i,500n,6000p,200000b,15000s

Output written on MScProjectDoubleBarsv2.dvi (37 pages, 27168 bytes).
