This is pdfTeXk, Version 3.141592-1.40.3 (Web2C 7.5.6) (format=latex 2013.11.20)  6 MAY 2016 09:45
entering extended mode
 %&-line parsing enabled.
**Project3HK.tex
(./Project3HK.tex
LaTeX2e <2005/12/01>
Babel <v3.8h> and hyphenation patterns for english, usenglishmax, dumylang, noh
yphenation, arabic, basque, bulgarian, coptic, welsh, czech, slovak, german, ng
erman, danish, esperanto, spanish, catalan, galician, estonian, farsi, finnish,
 french, greek, monogreek, ancientgreek, croatian, hungarian, interlingua, ibyc
us, indonesian, icelandic, italian, latin, mongolian, dutch, norsk, polish, por
tuguese, pinyin, romanian, russian, slovenian, uppersorbian, serbian, swedish, 
turkish, ukenglish, ukrainian, loaded.
(/usr/share/texmf/tex/latex/base/article.cls
Document Class: article 2005/09/16 v1.4f Standard LaTeX document class
(/usr/share/texmf/tex/latex/base/size12.clo
File: size12.clo 2005/09/16 v1.4f Standard LaTeX file (size option)
)
\c@part=\count79
\c@section=\count80
\c@subsection=\count81
\c@subsubsection=\count82
\c@paragraph=\count83
\c@subparagraph=\count84
\c@figure=\count85
\c@table=\count86
\abovecaptionskip=\skip41
\belowcaptionskip=\skip42
\bibindent=\dimen102
)
(/usr/share/texmf/tex/latex/base/latexsym.sty
Package: latexsym 1998/08/17 v2.2e Standard LaTeX package (lasy symbols)
\symlasy=\mathgroup4
LaTeX Font Info:    Overwriting symbol font `lasy' in version `bold'
(Font)                  U/lasy/m/n --> U/lasy/b/n on input line 47.
)
(/usr/share/texmf/tex/latex/graphics/graphicx.sty
Package: graphicx 1999/02/16 v1.0f Enhanced LaTeX Graphics (DPC,SPQR)

(/usr/share/texmf/tex/latex/graphics/keyval.sty
Package: keyval 1999/03/16 v1.13 key=value parser (DPC)
\KV@toks@=\toks14
)
(/usr/share/texmf/tex/latex/graphics/graphics.sty
Package: graphics 2006/02/20 v1.0o Standard LaTeX Graphics (DPC,SPQR)

(/usr/share/texmf/tex/latex/graphics/trig.sty
Package: trig 1999/03/16 v1.09 sin cos tan (DPC)
)
(/usr/share/texmf/tex/latex/config/graphics.cfg
File: graphics.cfg 2007/01/18 v1.5 graphics configuration of teTeX/TeXLive
)
Package graphics Info: Driver file: dvips.def on input line 90.

(/usr/share/texmf/tex/latex/graphics/dvips.def
File: dvips.def 1999/02/16 v3.0i Driver-dependant file (DPC,SPQR)
))
\Gin@req@height=\dimen103
\Gin@req@width=\dimen104
)
(/usr/share/texmf/tex/latex/graphics/epsfig.sty
Package: epsfig 1999/02/16 v1.7a (e)psfig emulation (SPQR)
\epsfxsize=\dimen105
\epsfysize=\dimen106
)
(/usr/share/texmf/tex/latex/float/float.sty
Package: float 2001/11/08 v1.3d Float enhancements (AL)
\c@float@type=\count87
\float@exts=\toks15
\float@box=\box26
\@float@everytoks=\toks16
\@floatcapt=\box27
)
(/usr/share/texmf/tex/latex/natbib/natbib.sty
Package: natbib 2007/02/05 8.0 (PWD)
\bibhang=\skip43
\bibsep=\skip44
LaTeX Info: Redefining \cite on input line 602.
\c@NAT@ctr=\count88
)
(/usr/share/texmf/tex/latex/listings/listings.sty
\lst@mode=\count89
\lst@gtempboxa=\box28
\lst@token=\toks17
\lst@length=\count90
\lst@currlwidth=\dimen107
\lst@column=\count91
\lst@pos=\count92
\lst@lostspace=\dimen108
\lst@width=\dimen109
\lst@newlines=\count93
\lst@lineno=\count94
\c@lstlisting=\count95
\lst@maxwidth=\dimen110

(/usr/share/texmf/tex/latex/listings/lstpatch.sty
File: lstpatch.sty 2004/10/17 1.3b (Carsten Heinz)
)
(/usr/share/texmf/tex/latex/listings/lstmisc.sty
File: lstmisc.sty 2004/09/07 1.3 (Carsten Heinz)
\c@lstnumber=\count96
\lst@skipnumbers=\count97
\lst@framebox=\box29
)
(/usr/share/texmf/tex/latex/listings/listings.cfg
File: listings.cfg 2004/09/05 1.3 listings configuration
))
Package: listings 2004/10/17 1.3b (Carsten Heinz)
 (./Project3HK.aux)
\openout1 = `Project3HK.aux'.

LaTeX Font Info:    Checking defaults for OML/cmm/m/it on input line 12.
LaTeX Font Info:    ... okay on input line 12.
LaTeX Font Info:    Checking defaults for T1/cmr/m/n on input line 12.
LaTeX Font Info:    ... okay on input line 12.
LaTeX Font Info:    Checking defaults for OT1/cmr/m/n on input line 12.
LaTeX Font Info:    ... okay on input line 12.
LaTeX Font Info:    Checking defaults for OMS/cmsy/m/n on input line 12.
LaTeX Font Info:    ... okay on input line 12.
LaTeX Font Info:    Checking defaults for OMX/cmex/m/n on input line 12.
LaTeX Font Info:    ... okay on input line 12.
LaTeX Font Info:    Checking defaults for U/cmr/m/n on input line 12.
LaTeX Font Info:    ... okay on input line 12.
LaTeX Font Info:    External font `cmex10' loaded for size
(Font)              <14.4> on input line 13.
LaTeX Font Info:    External font `cmex10' loaded for size
(Font)              <7> on input line 13.
LaTeX Font Info:    Try loading font information for U+lasy on input line 13.

(/usr/share/texmf/tex/latex/base/ulasy.fd
File: ulasy.fd 1998/08/17 v2.2e LaTeX symbol font definitions
)
LaTeX Font Info:    External font `cmex10' loaded for size
(Font)              <12> on input line 16.
LaTeX Font Info:    External font `cmex10' loaded for size
(Font)              <8> on input line 16.
LaTeX Font Info:    External font `cmex10' loaded for size
(Font)              <6> on input line 16.
LaTeX Font Info:    Try loading font information for OMS+cmr on input line 22.

(/usr/share/texmf/tex/latex/base/omscmr.fd
File: omscmr.fd 1999/05/25 v2.5h Standard LaTeX font definitions
)
LaTeX Font Info:    Font shape `OMS/cmr/m/n' in size <12> not available
(Font)              Font shape `OMS/cmsy/m/n' tried instead on input line 22.
 [1

]
File: ./problem1_1.eps Graphic file (type eps)
 <./problem1_1.eps>
LaTeX Font Info:    Try loading font information for OML+cmr on input line 53.

(/usr/share/texmf/tex/latex/base/omlcmr.fd
File: omlcmr.fd 1999/05/25 v2.5h Standard LaTeX font definitions
)
LaTeX Font Info:    Font shape `OML/cmr/m/n' in size <12> not available
(Font)              Font shape `OML/cmm/m/it' tried instead on input line 53.
 [2] [3]
File: ./problem2/problem2_1.eps Graphic file (type eps)

<./problem2/problem2_1.eps> [4]
File: ./problem2/problem2_2.eps Graphic file (type eps)
 <./problem2/problem2_2.eps> [5] [6] [7]
[8]
File: ./problem3/problem3_1.eps Graphic file (type eps)
 <./problem3/problem3_1.eps> [9]
File: ./problem3/problem3_2.eps Graphic file (type eps)
 <./problem3/problem3_2.eps> [10]
File: ./problem3/problem3_3.eps Graphic file (type eps)

<./problem3/problem3_3.eps> [11]
File: ./problem3/problem3_4.eps Graphic file (type eps)
 <./problem3/problem3_4.eps> [12]
File: ./problem3/problem3_5.eps Graphic file (type eps)

<./problem3/problem3_5.eps>
File: ./problem3/problem3_6.eps Graphic file (type eps)
 <./problem3/problem3_6.eps> [13]
File: ./problem3/problem3_7.eps Graphic file (type eps)

<./problem3/problem3_7.eps> [14] [15]
(/usr/share/texmf/tex/latex/listings/lstlang1.sty
File: lstlang1.sty 2004/09/05 1.3 listings language file
) (./Part2.m
Overfull \hbox (61.19922pt too wide) in paragraph at lines 2--3
[][][][][][][][][][][][][][][][][][][][] 
 []


Overfull \hbox (68.2492pt too wide) in paragraph at lines 5--6
[][][][][][][][][][][][][][][][][][][][][][][][][][][][][][] 
 []


Overfull \hbox (82.34918pt too wide) in paragraph at lines 6--7
[][][][][][][][][][][][][][][][][][][][][][][][][] 
 []


Overfull \hbox (18.89929pt too wide) in paragraph at lines 7--8
[][][][][][][][][][][][][][][][][][][][][][][][][][] 
 []


Overfull \hbox (25.94928pt too wide) in paragraph at lines 8--9
[][][][][][][][][][][][][][][][][][][][][][][][] 
 []


Overfull \hbox (75.2992pt too wide) in paragraph at lines 9--10
[][][][][][][][][][][][][][][][][][][][][][][][][][][][] 
 []


Overfull \hbox (166.94904pt too wide) in paragraph at lines 10--12
[][][][][][][][][][][][][][][][][][][][][][][][][][][][][][][][][][] 
 []


Overfull \hbox (117.59912pt too wide) in paragraph at lines 19--20
[][][][][][][][][][][][][][][][][][][][][][][][][][][][][][] 
 []


Overfull \hbox (75.2992pt too wide) in paragraph at lines 20--21
[][][][][][][][][][][][][][][][][][][][][] 
 []


Overfull \hbox (117.59912pt too wide) in paragraph at lines 21--22
[][][][][][][][][][][][][][][][][][][][][][][][][] 
 []


Overfull \hbox (68.2492pt too wide) in paragraph at lines 22--23
[][][][][][][][][][][][][][][][][][][][][][][][][] 
 []


Overfull \hbox (11.8493pt too wide) in paragraph at lines 29--30
[][][][][][][][][][][][][][][][][][][][][][] 
 []


Overfull \hbox (117.59912pt too wide) in paragraph at lines 33--34
[][][][][][][][][][][][][][][][][][][][][][][][][][][][][] 
 []


Overfull \hbox (110.54913pt too wide) in paragraph at lines 34--36
[][][][][][][][][][][][][][][][][][][][][][][][][][][][][] 
 []


Overfull \hbox (25.94928pt too wide) in paragraph at lines 36--37
[][][][][][][][][][][][][][][][][][][][][][][][][][] 
 []


Overfull \hbox (54.14923pt too wide) in paragraph at lines 37--38
[][][][][][][][][][][][][][][][][][] 
 []


Overfull \hbox (117.59912pt too wide) in paragraph at lines 38--39
[][][][][][][][][][][][][][][][][] 
 []


Overfull \hbox (103.49915pt too wide) in paragraph at lines 39--40
[][][][][][][][][][][][][][][][][][] 
 []

[16]) [17] (./problem2/binary.m
Overfull \hbox (4.79932pt too wide) in paragraph at lines 1--2
[][][][][][][][][][][][][][][][][][][][][][][] 
 []


Overfull \hbox (18.89929pt too wide) in paragraph at lines 2--3
[][][][][][][][][][][][][][][][][][][][][][][][][][][][][] 
 []


Overfull \hbox (25.94928pt too wide) in paragraph at lines 27--28
[][][][][][][][][][][][][][][][][][][][][][][][][] 
 []


Overfull \hbox (110.54913pt too wide) in paragraph at lines 29--30
[][][][][][][][][][][][][][][][][][][][][][][][][][][][][][][][][][] 
 []

) (./problem2/f.m [18]) (./problem2/energy.m
Overfull \hbox (54.14923pt too wide) in paragraph at lines 5--6
[][][][][][][][][][][][][][][][][][][][][][][][][][][][] 
 []


Overfull \hbox (68.2492pt too wide) in paragraph at lines 6--7
[][][][][][][][][][][][][][][][][][][][][][][][][][][][] 
 []


Overfull \hbox (32.99927pt too wide) in paragraph at lines 7--8
[][][][][][][][][][][][][][][][][][][][][][][][] 
 []

)
Overfull \hbox (124.64911pt too wide) in paragraph at lines 8--332
[][][][][][][][][][][][][][][][][][][][][][][][][][][][][][][][][] 
 []

(./problem2/RK4.m) (./problem2/orbitplot.m
Overfull \hbox (89.39917pt too wide) in paragraph at lines 10--11
[][][][][][][][][][][][][][][][][][][][][][][][][][][][][] 
 []


Overfull \hbox (103.49915pt too wide) in paragraph at lines 11--12
[][][][][][][][][][][][][][][][][][][][][][] 
 []


Overfull \hbox (47.09924pt too wide) in paragraph at lines 12--13
[][][][][][][][][][][][][][][][][][][] 
 []

[19]) (./problem2/energyplot.m
Overfull \hbox (89.39917pt too wide) in paragraph at lines 1--2
[][][][][][][][][][][][][][][][][][][][][][][][][][][][][] 
 []

) [20] (./problem3/initialc.m
Overfull \hbox (96.44916pt too wide) in paragraph at lines 2--3
[][][][][][][][][][][][][][][][][][][][][][][][][][][][][][][][] 
 []


Overfull \hbox (138.74908pt too wide) in paragraph at lines 4--5
[][][][][][][][][][][][][][][][][][][][][][][][][][][][][][][][] 
 []


Overfull \hbox (82.34918pt too wide) in paragraph at lines 7--8
[][][][][][][][][][][][][][][][][][][][][][][][][] 
 []

) (./problem3/f.m) (./problem3/HVS.m [21]
Overfull \hbox (68.2492pt too wide) in paragraph at lines 5--6
[][][][][][][][][][][][][][][][][][][][][] 
 []


Overfull \hbox (4.79932pt too wide) in paragraph at lines 9--10
[][][][][][][][][][][][][][][][][][][][][][][][][][][][][][][][][] 
 []


Overfull \hbox (103.49915pt too wide) in paragraph at lines 12--13
[][][][][][][][][][][][][][][][][][][][][][][][][][][][][][][][][][][][][][][][
] 
 []

) (./problem3/script4.m [22]) (./problem3/RK4.m) (./problem3/energy.m
Overfull \hbox (11.8493pt too wide) in paragraph at lines 3--4
[][][][][][][][][][][][][][][][][][][][][][][][][][][][][][][] 
 []


Overfull \hbox (18.89929pt too wide) in paragraph at lines 6--7
[][][][][][][][][][][][][][][][][][][][][][][][][][] 
 []


Overfull \hbox (32.99927pt too wide) in paragraph at lines 8--9
[][][][][][][][][][][][][][][][][][][][][][][][][][] 
 []


Overfull \hbox (40.04926pt too wide) in paragraph at lines 9--10
[][][][][][][][][][][][][][][][][][][][][][][][] 
 []


Overfull \hbox (18.89929pt too wide) in paragraph at lines 10--11
[][][][][][][][][][][][][][][][][][][][][][][][][][][][][][][][][] 
 []

)
Overfull \hbox (32.99927pt too wide) in paragraph at lines 11--343
[][][][][][][][][][][][][][][][][][][][][][][][][][][][][][][][][] 
 []

[23] (./Project3HK.aux) ) 
Here is how much of TeX's memory you used:
 3041 strings out of 256217
 39110 string characters out of 1917094
 143752 words of memory out of 1500000
 6286 multiletter control sequences out of 10000+200000
 10065 words of font info for 39 fonts, out of 1200000 for 2000
 645 hyphenation exceptions out of 8191
 26i,6n,43p,580b,2015s stack positions out of 5000i,500n,6000p,200000b,15000s

Output written on Project3HK.dvi (23 pages, 71716 bytes).
