This is pdfTeXk, Version 3.141592-1.40.3 (Web2C 7.5.6) (format=latex 2013.11.20)  8 APR 2016 15:55
entering extended mode
 %&-line parsing enabled.
**Project2HK.tex
(./Project2HK.tex
LaTeX2e <2005/12/01>
Babel <v3.8h> and hyphenation patterns for english, usenglishmax, dumylang, noh
yphenation, arabic, basque, bulgarian, coptic, welsh, czech, slovak, german, ng
erman, danish, esperanto, spanish, catalan, galician, estonian, farsi, finnish,
 french, greek, monogreek, ancientgreek, croatian, hungarian, interlingua, ibyc
us, indonesian, icelandic, italian, latin, mongolian, dutch, norsk, polish, por
tuguese, pinyin, romanian, russian, slovenian, uppersorbian, serbian, swedish, 
turkish, ukenglish, ukrainian, loaded.
(/usr/share/texmf/tex/latex/base/article.cls
Document Class: article 2005/09/16 v1.4f Standard LaTeX document class
(/usr/share/texmf/tex/latex/base/size12.clo
File: size12.clo 2005/09/16 v1.4f Standard LaTeX file (size option)
)
\c@part=\count79
\c@section=\count80
\c@subsection=\count81
\c@subsubsection=\count82
\c@paragraph=\count83
\c@subparagraph=\count84
\c@figure=\count85
\c@table=\count86
\abovecaptionskip=\skip41
\belowcaptionskip=\skip42
\bibindent=\dimen102
)
(/usr/share/texmf/tex/latex/base/latexsym.sty
Package: latexsym 1998/08/17 v2.2e Standard LaTeX package (lasy symbols)
\symlasy=\mathgroup4
LaTeX Font Info:    Overwriting symbol font `lasy' in version `bold'
(Font)                  U/lasy/m/n --> U/lasy/b/n on input line 47.
)
(/usr/share/texmf/tex/latex/graphics/graphicx.sty
Package: graphicx 1999/02/16 v1.0f Enhanced LaTeX Graphics (DPC,SPQR)

(/usr/share/texmf/tex/latex/graphics/keyval.sty
Package: keyval 1999/03/16 v1.13 key=value parser (DPC)
\KV@toks@=\toks14
)
(/usr/share/texmf/tex/latex/graphics/graphics.sty
Package: graphics 2006/02/20 v1.0o Standard LaTeX Graphics (DPC,SPQR)

(/usr/share/texmf/tex/latex/graphics/trig.sty
Package: trig 1999/03/16 v1.09 sin cos tan (DPC)
)
(/usr/share/texmf/tex/latex/config/graphics.cfg
File: graphics.cfg 2007/01/18 v1.5 graphics configuration of teTeX/TeXLive
)
Package graphics Info: Driver file: dvips.def on input line 90.

(/usr/share/texmf/tex/latex/graphics/dvips.def
File: dvips.def 1999/02/16 v3.0i Driver-dependant file (DPC,SPQR)
))
\Gin@req@height=\dimen103
\Gin@req@width=\dimen104
)
(/usr/share/texmf/tex/latex/graphics/epsfig.sty
Package: epsfig 1999/02/16 v1.7a (e)psfig emulation (SPQR)
\epsfxsize=\dimen105
\epsfysize=\dimen106
)
(/usr/share/texmf/tex/latex/float/float.sty
Package: float 2001/11/08 v1.3d Float enhancements (AL)
\c@float@type=\count87
\float@exts=\toks15
\float@box=\box26
\@float@everytoks=\toks16
\@floatcapt=\box27
)
(/usr/share/texmf/tex/latex/natbib/natbib.sty
Package: natbib 2007/02/05 8.0 (PWD)
\bibhang=\skip43
\bibsep=\skip44
LaTeX Info: Redefining \cite on input line 602.
\c@NAT@ctr=\count88
)
(/usr/share/texmf/tex/latex/listings/listings.sty
\lst@mode=\count89
\lst@gtempboxa=\box28
\lst@token=\toks17
\lst@length=\count90
\lst@currlwidth=\dimen107
\lst@column=\count91
\lst@pos=\count92
\lst@lostspace=\dimen108
\lst@width=\dimen109
\lst@newlines=\count93
\lst@lineno=\count94
\c@lstlisting=\count95
\lst@maxwidth=\dimen110

(/usr/share/texmf/tex/latex/listings/lstpatch.sty
File: lstpatch.sty 2004/10/17 1.3b (Carsten Heinz)
)
(/usr/share/texmf/tex/latex/listings/lstmisc.sty
File: lstmisc.sty 2004/09/07 1.3 (Carsten Heinz)
\c@lstnumber=\count96
\lst@skipnumbers=\count97
\lst@framebox=\box29
)
(/usr/share/texmf/tex/latex/listings/listings.cfg
File: listings.cfg 2004/09/05 1.3 listings configuration
))
Package: listings 2004/10/17 1.3b (Carsten Heinz)
 (./Project2HK.aux)
\openout1 = `Project2HK.aux'.

LaTeX Font Info:    Checking defaults for OML/cmm/m/it on input line 12.
LaTeX Font Info:    ... okay on input line 12.
LaTeX Font Info:    Checking defaults for T1/cmr/m/n on input line 12.
LaTeX Font Info:    ... okay on input line 12.
LaTeX Font Info:    Checking defaults for OT1/cmr/m/n on input line 12.
LaTeX Font Info:    ... okay on input line 12.
LaTeX Font Info:    Checking defaults for OMS/cmsy/m/n on input line 12.
LaTeX Font Info:    ... okay on input line 12.
LaTeX Font Info:    Checking defaults for OMX/cmex/m/n on input line 12.
LaTeX Font Info:    ... okay on input line 12.
LaTeX Font Info:    Checking defaults for U/cmr/m/n on input line 12.
LaTeX Font Info:    ... okay on input line 12.
LaTeX Font Info:    External font `cmex10' loaded for size
(Font)              <14.4> on input line 13.
LaTeX Font Info:    External font `cmex10' loaded for size
(Font)              <7> on input line 13.
LaTeX Font Info:    Try loading font information for U+lasy on input line 13.

(/usr/share/texmf/tex/latex/base/ulasy.fd
File: ulasy.fd 1998/08/17 v2.2e LaTeX symbol font definitions
)
LaTeX Font Info:    External font `cmex10' loaded for size
(Font)              <12> on input line 16.
LaTeX Font Info:    External font `cmex10' loaded for size
(Font)              <8> on input line 16.
LaTeX Font Info:    External font `cmex10' loaded for size
(Font)              <6> on input line 16.
 [1

]
LaTeX Font Info:    Try loading font information for OMS+cmr on input line 39.

(/usr/share/texmf/tex/latex/base/omscmr.fd
File: omscmr.fd 1999/05/25 v2.5h Standard LaTeX font definitions
)
LaTeX Font Info:    Font shape `OMS/cmr/m/n' in size <12> not available
(Font)              Font shape `OMS/cmsy/m/n' tried instead on input line 39.

Overfull \hbox (11.8493pt too wide) in paragraph at lines 44--45
[][][][][][][][][][][][][][][][][][][][][][][] 
 []

File: ./Vx-1.68x5/jacobi1.eps Graphic file (type eps)
<./Vx-1.68x5/jacobi1.eps>
File: ./Vx-1.68x5/jacobi2.eps Graphic file (type eps)
 <./Vx-1.68x5/jacobi2.eps> [2]
File: ./Vx-1.68x5/jacobi3.eps Graphic file (type eps)

<./Vx-1.68x5/jacobi3.eps>
File: ./Vx-1.68x5/jacobi4.eps Graphic file (type eps)
 <./Vx-1.68x5/jacobi4.eps> [3]
File: ./Vx-1.68x20/Graph2.eps Graphic file (type eps)

<./Vx-1.68x20/Graph2.eps> [4]
File: ./Vx-1.64x20/Graph2.eps Graphic file (type eps)
 <./Vx-1.64x20/Graph2.eps>
File: ./Vx-1.635x20/Graph2.eps Graphic file (type eps)

<./Vx-1.635x20/Graph2.eps> [5]
File: ./Vx-1.63x20/Graph2.eps Graphic file (type eps)
 <./Vx-1.63x20/Graph2.eps>
File: ./Vx-1.58x20/Graph2.eps Graphic file (type eps)

<./Vx-1.58x20/Graph2.eps> [6]
File: ./Vx-1.15x20/Graph2.eps Graphic file (type eps)
 <./Vx-1.15x20/Graph2.eps>
File: ./Vx-.6x20/Graph2.eps Graphic file (type eps)

<./Vx-.6x20/Graph2.eps> [7]
File: ./Vx-.524x20/Graph2.eps Graphic file (type eps)
 <./Vx-.524x20/Graph2.eps>
File: ./Vx-.4x20/Graph2.eps Graphic file (type eps)
 <./Vx-.4x20/Graph2.eps>
[8] [9]
File: ./F-1.635/Graph1.eps Graphic file (type eps)
 <./F-1.635/Graph1.eps>
File: ./F-1.635/Graph2.eps Graphic file (type eps)
 <./F-1.635/Graph2.eps> [10]
File: ./Vx-1.635x20/Graph4.eps Graphic file (type eps)

<./Vx-1.635x20/Graph4.eps> [11]
File: ./F-1.64/Graph1.eps Graphic file (type eps)
 <./F-1.64/Graph1.eps>
File: ./F-1.64/Graph2.eps Graphic file (type eps)
 <./F-1.64/Graph2.eps>
[12]
File: ./Vx-1.64x20/Graph4.eps Graphic file (type eps)
 <./Vx-1.64x20/Graph4.eps>
File: ./F-1.68/Graph1.eps Graphic file (type eps)
 <./F-1.68/Graph1.eps> [13]
File: ./F-1.68/Graph2.eps Graphic file (type eps)

<./F-1.68/Graph2.eps>
LaTeX Font Info:    Try loading font information for OML+cmr on input line 225.

 (/usr/share/texmf/tex/latex/base/omlcmr.fd
File: omlcmr.fd 1999/05/25 v2.5h Standard LaTeX font definitions
)
LaTeX Font Info:    Font shape `OML/cmr/m/n' in size <12> not available
(Font)              Font shape `OML/cmm/m/it' tried instead on input line 225.
 [14]
File: ./Vx-1.68x20/Graph4.eps Graphic file (type eps)

<./Vx-1.68x20/Graph4.eps>
File: ./F-1.15/Graph1.eps Graphic file (type eps)
 <./F-1.15/Graph1.eps> [15]
File: ./F-1.15/Graph2.eps Graphic file (type eps)
 <./F-1.15/Graph2.eps>
File: ./Vx-1.15x20/Graph4.eps Graphic file (type eps)

<./Vx-1.15x20/Graph4.eps> [16] [17] (./Project2HK.aux) ) 
Here is how much of TeX's memory you used:
 2204 strings out of 256217
 29824 string characters out of 1917094
 81379 words of memory out of 1500000
 5481 multiletter control sequences out of 10000+200000
 9758 words of font info for 38 fonts, out of 1200000 for 2000
 645 hyphenation exceptions out of 8191
 26i,6n,32p,1466b,1086s stack positions out of 5000i,500n,6000p,200000b,15000s

Output written on Project2HK.dvi (17 pages, 19544 bytes).
